postgres://hppoc:password@127.0.0.1:5432/fabricexplorer
<<<<<<<<<<<<<<<<<<<<<<<<<< Explorer Error >>>>>>>>>>>>>>>>>>>>>
{ Error: listen EADDRINUSE :::8080
    at Object._errnoException (util.js:992:11)
    at _exceptionWithHostPort (util.js:1014:20)
    at Server.setupListenHandle [as _listen2] (net.js:1355:14)
    at listenInCluster (net.js:1396:12)
    at Server.listen (net.js:1480:7)
    at startExplorer (/home/ubuntu/prafull/Example/blockchain-explorer/main.js:61:10)
    at <anonymous>
  code: 'EADDRINUSE',
  errno: 'EADDRINUSE',
  syscall: 'listen',
  address: '::',
  port: 8080 }
postgres://hppoc:password@127.0.0.1:5432/fabricexplorer

Sync process is started for the network : [net_basic] and client : [org1]
Insert sql is INSERT INTO channel  ( "name","createdt","blocks","trans","channel_hash","channel_genesis_hash" ) VALUES( $1,$2,$3,$4,$5,$6  ) RETURNING *;
INSERT ID: 3
Insert sql is INSERT INTO peer  ( "mspid","requests","events","server_hostname","channel_genesis_hash","peer_type" ) VALUES( $1,$2,$3,$4,$5,$6  ) RETURNING *;
INSERT ID: 1
Insert sql is INSERT INTO peer_ref_channel  ( "peerid","channelid" ) VALUES( $1,$2  ) RETURNING *;
INSERT ID: 1
Insert sql is INSERT INTO peer  ( "mspid","requests","server_hostname","channel_genesis_hash","peer_type" ) VALUES( $1,$2,$3,$4,$5  ) RETURNING *;
INSERT ID: 2
Insert sql is INSERT INTO peer_ref_channel  ( "peerid","channelid" ) VALUES( $1,$2  ) RETURNING *;
INSERT ID: 2
Insert sql is INSERT INTO chaincodes  ( "name","version","path","txcount","createdt","channel_genesis_hash" ) VALUES( $1,$2,$3,$4,$5,$6  ) RETURNING *;
INSERT ID: 10
Insert sql is INSERT INTO peer_ref_chaincode  ( "chaincodeid","cc_version","peerid","channelid" ) VALUES( $1,$2,$3,$4  ) RETURNING *;
INSERT ID: 1


Synchronizer pid is 3203


read_set length 225
write_set size >>>>>>>>> :  0.500788688659668 MB
Insert sql is INSERT INTO transactions  ( "blockid","txhash","createdt","chaincodename","chaincode_id","status","creator_msp_id","endorser_msp_id","type","read_set","write_set","channel_genesis_hash","validation_code","envelope_signature","payload_extension","creator_nonce","chaincode_proposal_input","endorser_signature","creator_id_bytes","payload_proposal_hash","endorser_id_bytes" ) VALUES( $1,$2,$3,$4,$5,$6,$7,$8,$9,$10,$11,$12,$13,$14,$15,$16,$17,$18,$19,$20,$21  ) RETURNING *;
INSERT ID: 6
Insert sql is INSERT INTO blocks  ( "blocknum","datahash","prehash","txcount","createdt","prev_blockhash","blockhash","channel_genesis_hash" ) VALUES( $1,$2,$3,$4,$5,$6,$7,$8  ) RETURNING *;
INSERT ID: 1
Received kill signal, shutting down gracefully
<<<<<<<<<<<<<<<<<<<<<<<<<< Closing explorer  >>>>>>>>>>>>>>>>>>>>>
Closed out connections
<<<<<<<<<<<<<<<<<<<<<<<<<< Closing client processor >>>>>>>>>>>>>>>>>>>>>
