postgres://hppoc:password@127.0.0.1:5432/fabricexplorer


Please open web browser to access ：http://localhost:8080/


pid is 27028


postgres://hppoc:password@127.0.0.1:5432/fabricexplorer

Sync process is started for the network : [net_basic] and client : [org1]


Synchronizer pid is 27052


read_set length 350
write_set size >>>>>>>>> :  0.5007905960083008 MB
Insert sql is INSERT INTO transactions  ( "blockid","txhash","createdt","chaincodename","chaincode_id","status","creator_msp_id","endorser_msp_id","type","read_set","write_set","channel_genesis_hash","validation_code","envelope_signature","payload_extension","creator_nonce","chaincode_proposal_input","endorser_signature","creator_id_bytes","payload_proposal_hash","endorser_id_bytes" ) VALUES( $1,$2,$3,$4,$5,$6,$7,$8,$9,$10,$11,$12,$13,$14,$15,$16,$17,$18,$19,$20,$21  ) RETURNING *;
INSERT ID: 11
Insert sql is INSERT INTO blocks  ( "blocknum","datahash","prehash","txcount","createdt","prev_blockhash","blockhash","channel_genesis_hash" ) VALUES( $1,$2,$3,$4,$5,$6,$7,$8  ) RETURNING *;
INSERT ID: 6
read_set length 225
write_set size >>>>>>>>> :  0.500788688659668 MB
Insert sql is INSERT INTO transactions  ( "blockid","txhash","createdt","chaincodename","chaincode_id","status","creator_msp_id","endorser_msp_id","type","read_set","write_set","channel_genesis_hash","validation_code","envelope_signature","payload_extension","creator_nonce","chaincode_proposal_input","endorser_signature","creator_id_bytes","payload_proposal_hash","endorser_id_bytes" ) VALUES( $1,$2,$3,$4,$5,$6,$7,$8,$9,$10,$11,$12,$13,$14,$15,$16,$17,$18,$19,$20,$21  ) RETURNING *;
INSERT ID: 12
Insert sql is INSERT INTO blocks  ( "blocknum","datahash","prehash","txcount","createdt","prev_blockhash","blockhash","channel_genesis_hash" ) VALUES( $1,$2,$3,$4,$5,$6,$7,$8  ) RETURNING *;
INSERT ID: 7
cat: /home/ubuntu/prafull/Example/tuna-app: Is a directory
(node:27028) MaxListenersExceededWarning: Possible EventEmitter memory leak detected. 11 message listeners added. Use emitter.setMaxListeners() to increase limit
cat: /home/ubuntu/prafull/Example/tuna-app: Is a directory
read_set length 225
write_set size >>>>>>>>> :  0.5007858276367188 MB
Insert sql is INSERT INTO transactions  ( "blockid","txhash","createdt","chaincodename","chaincode_id","status","creator_msp_id","endorser_msp_id","type","read_set","write_set","channel_genesis_hash","validation_code","envelope_signature","payload_extension","creator_nonce","chaincode_proposal_input","endorser_signature","creator_id_bytes","payload_proposal_hash","endorser_id_bytes" ) VALUES( $1,$2,$3,$4,$5,$6,$7,$8,$9,$10,$11,$12,$13,$14,$15,$16,$17,$18,$19,$20,$21  ) RETURNING *;
INSERT ID: 13
Insert sql is INSERT INTO blocks  ( "blocknum","datahash","prehash","txcount","createdt","prev_blockhash","blockhash","channel_genesis_hash" ) VALUES( $1,$2,$3,$4,$5,$6,$7,$8  ) RETURNING *;
INSERT ID: 8
Broadcast >> {"title":"Block 7 added to Channel: mychannel","type":"block","message":"Block 7 established with 1 tx","time":"2018-11-05T12:58:21.000Z","txcount":1,"datahash":"2921798474de8c65d259db063eb8f0e5c064e94baee60beeeeba69216af3e018"}
read_set length 225
write_set size >>>>>>>>> :  0.5007848739624023 MB
Insert sql is INSERT INTO transactions  ( "blockid","txhash","createdt","chaincodename","chaincode_id","status","creator_msp_id","endorser_msp_id","type","read_set","write_set","channel_genesis_hash","validation_code","envelope_signature","payload_extension","creator_nonce","chaincode_proposal_input","endorser_signature","creator_id_bytes","payload_proposal_hash","endorser_id_bytes" ) VALUES( $1,$2,$3,$4,$5,$6,$7,$8,$9,$10,$11,$12,$13,$14,$15,$16,$17,$18,$19,$20,$21  ) RETURNING *;
INSERT ID: 14
Insert sql is INSERT INTO blocks  ( "blocknum","datahash","prehash","txcount","createdt","prev_blockhash","blockhash","channel_genesis_hash" ) VALUES( $1,$2,$3,$4,$5,$6,$7,$8  ) RETURNING *;
INSERT ID: 9
Broadcast >> {"title":"Block 8 added to Channel: mychannel","type":"block","message":"Block 8 established with 1 tx","time":"2018-11-05T13:12:17.000Z","txcount":1,"datahash":"945a913d5e6e5cc9329082ecf13350037dd8c39c87c84cfe110f95be6fce96f3"}
read_set length 225
write_set size >>>>>>>>> :  0.5007877349853516 MB
Insert sql is INSERT INTO transactions  ( "blockid","txhash","createdt","chaincodename","chaincode_id","status","creator_msp_id","endorser_msp_id","type","read_set","write_set","channel_genesis_hash","validation_code","envelope_signature","payload_extension","creator_nonce","chaincode_proposal_input","endorser_signature","creator_id_bytes","payload_proposal_hash","endorser_id_bytes" ) VALUES( $1,$2,$3,$4,$5,$6,$7,$8,$9,$10,$11,$12,$13,$14,$15,$16,$17,$18,$19,$20,$21  ) RETURNING *;
INSERT ID: 15
Insert sql is INSERT INTO blocks  ( "blocknum","datahash","prehash","txcount","createdt","prev_blockhash","blockhash","channel_genesis_hash" ) VALUES( $1,$2,$3,$4,$5,$6,$7,$8  ) RETURNING *;
INSERT ID: 10
Broadcast >> {"title":"Block 9 added to Channel: mychannel","type":"block","message":"Block 9 established with 1 tx","time":"2018-11-05T13:13:37.000Z","txcount":1,"datahash":"6060827c44b06a5a96faeb33c86d69b69912248f781ee18e16a603c55dfb6b66"}
read_set length 225
write_set size >>>>>>>>> :  0.500798225402832 MB
Insert sql is INSERT INTO transactions  ( "blockid","txhash","createdt","chaincodename","chaincode_id","status","creator_msp_id","endorser_msp_id","type","read_set","write_set","channel_genesis_hash","validation_code","envelope_signature","payload_extension","creator_nonce","chaincode_proposal_input","endorser_signature","creator_id_bytes","payload_proposal_hash","endorser_id_bytes" ) VALUES( $1,$2,$3,$4,$5,$6,$7,$8,$9,$10,$11,$12,$13,$14,$15,$16,$17,$18,$19,$20,$21  ) RETURNING *;
INSERT ID: 16
Insert sql is INSERT INTO blocks  ( "blocknum","datahash","prehash","txcount","createdt","prev_blockhash","blockhash","channel_genesis_hash" ) VALUES( $1,$2,$3,$4,$5,$6,$7,$8  ) RETURNING *;
INSERT ID: 11
Broadcast >> {"title":"Block 10 added to Channel: mychannel","type":"block","message":"Block 10 established with 1 tx","time":"2018-11-05T13:15:20.000Z","txcount":1,"datahash":"6a26a95b56599069afe9bb53a1e1400e1ef5bfa5c968256db8edd86077f4a868"}
read_set length 225
write_set size >>>>>>>>> :  0.5007829666137695 MB
Insert sql is INSERT INTO transactions  ( "blockid","txhash","createdt","chaincodename","chaincode_id","status","creator_msp_id","endorser_msp_id","type","read_set","write_set","channel_genesis_hash","validation_code","envelope_signature","payload_extension","creator_nonce","chaincode_proposal_input","endorser_signature","creator_id_bytes","payload_proposal_hash","endorser_id_bytes" ) VALUES( $1,$2,$3,$4,$5,$6,$7,$8,$9,$10,$11,$12,$13,$14,$15,$16,$17,$18,$19,$20,$21  ) RETURNING *;
INSERT ID: 17
Insert sql is INSERT INTO blocks  ( "blocknum","datahash","prehash","txcount","createdt","prev_blockhash","blockhash","channel_genesis_hash" ) VALUES( $1,$2,$3,$4,$5,$6,$7,$8  ) RETURNING *;
INSERT ID: 12
Broadcast >> {"title":"Block 11 added to Channel: mychannel","type":"block","message":"Block 11 established with 1 tx","time":"2018-11-05T13:18:28.000Z","txcount":1,"datahash":"ba8b23cfbb0f57a88029e504c12f366fdfafeb9ba85e34ff49b2b4de8181ea9f"}
cat: /home/ubuntu/prafull/Example/tuna-app: Is a directory
cat: /home/ubuntu/prafull/Example/tuna-app: Is a directory
cat: /home/ubuntu/prafull/Example/tuna-app: Is a directory
cat: /home/ubuntu/prafull/Example/tuna-app: Is a directory
cat: /home/ubuntu/prafull/Example/tuna-app: Is a directory
cat: /home/ubuntu/prafull/Example/tuna-app: Is a directory
cat: /home/ubuntu/prafull/Example/tuna-app: Is a directory
cat: /home/ubuntu/prafull/Example/tuna-app: Is a directory
cat: /home/ubuntu/prafull/Example/tuna-app: Is a directory
cat: /home/ubuntu/prafull/Example/tuna-app: Is a directory
cat: /home/ubuntu/prafull/Example/tuna-app: Is a directory
cat: /home/ubuntu/prafull/Example/tuna-app: Is a directory
cat: /home/ubuntu/prafull/Example/tuna-app: Is a directory
cat: /home/ubuntu/prafull/Example/tuna-app: Is a directory
cat: /home/ubuntu/prafull/Example/tuna-app: Is a directory
cat: /home/ubuntu/prafull/Example/tuna-app: Is a directory
cat: /home/ubuntu/prafull/Example/tuna-app: Is a directory
cat: /home/ubuntu/prafull/Example/tuna-app: Is a directory
cat: /home/ubuntu/prafull/Example/tuna-app: Is a directory
cat: /home/ubuntu/prafull/Example/tuna-app: Is a directory
cat: /home/ubuntu/prafull/Example/tuna-app: Is a directory
cat: /home/ubuntu/prafull/Example/tuna-app: Is a directory
cat: /home/ubuntu/prafull/Example/tuna-app: Is a directory
cat: /home/ubuntu/prafull/Example/tuna-app: Is a directory
cat: /home/ubuntu/prafull/Example/tuna-app: Is a directory
cat: /home/ubuntu/prafull/Example/tuna-app: Is a directory
read_set length 225
write_set size >>>>>>>>> :  0.5007848739624023 MB
Insert sql is INSERT INTO transactions  ( "blockid","txhash","createdt","chaincodename","chaincode_id","status","creator_msp_id","endorser_msp_id","type","read_set","write_set","channel_genesis_hash","validation_code","envelope_signature","payload_extension","creator_nonce","chaincode_proposal_input","endorser_signature","creator_id_bytes","payload_proposal_hash","endorser_id_bytes" ) VALUES( $1,$2,$3,$4,$5,$6,$7,$8,$9,$10,$11,$12,$13,$14,$15,$16,$17,$18,$19,$20,$21  ) RETURNING *;
INSERT ID: 18
Insert sql is INSERT INTO blocks  ( "blocknum","datahash","prehash","txcount","createdt","prev_blockhash","blockhash","channel_genesis_hash" ) VALUES( $1,$2,$3,$4,$5,$6,$7,$8  ) RETURNING *;
INSERT ID: 13
Broadcast >> {"title":"Block 12 added to Channel: mychannel","type":"block","message":"Block 12 established with 1 tx","time":"2018-11-06T05:21:52.000Z","txcount":1,"datahash":"cf8104fd8c4a44cd1d8a36a09837746a0d5e123725cd0fbfabcbcdcd0d421de2"}
read_set length 225
write_set size >>>>>>>>> :  0.5007877349853516 MB
Insert sql is INSERT INTO transactions  ( "blockid","txhash","createdt","chaincodename","chaincode_id","status","creator_msp_id","endorser_msp_id","type","read_set","write_set","channel_genesis_hash","validation_code","envelope_signature","payload_extension","creator_nonce","chaincode_proposal_input","endorser_signature","creator_id_bytes","payload_proposal_hash","endorser_id_bytes" ) VALUES( $1,$2,$3,$4,$5,$6,$7,$8,$9,$10,$11,$12,$13,$14,$15,$16,$17,$18,$19,$20,$21  ) RETURNING *;
INSERT ID: 19
Insert sql is INSERT INTO blocks  ( "blocknum","datahash","prehash","txcount","createdt","prev_blockhash","blockhash","channel_genesis_hash" ) VALUES( $1,$2,$3,$4,$5,$6,$7,$8  ) RETURNING *;
INSERT ID: 14
Broadcast >> {"title":"Block 13 added to Channel: mychannel","type":"block","message":"Block 13 established with 1 tx","time":"2018-11-06T05:32:25.000Z","txcount":1,"datahash":"16eb3491021a18580e7c0f8c7b2532fe7bd17f1c0c26e3bacc897607d7d4c61e"}
read_set length 225
write_set size >>>>>>>>> :  0.5007829666137695 MB
Insert sql is INSERT INTO transactions  ( "blockid","txhash","createdt","chaincodename","chaincode_id","status","creator_msp_id","endorser_msp_id","type","read_set","write_set","channel_genesis_hash","validation_code","envelope_signature","payload_extension","creator_nonce","chaincode_proposal_input","endorser_signature","creator_id_bytes","payload_proposal_hash","endorser_id_bytes" ) VALUES( $1,$2,$3,$4,$5,$6,$7,$8,$9,$10,$11,$12,$13,$14,$15,$16,$17,$18,$19,$20,$21  ) RETURNING *;
INSERT ID: 20
Insert sql is INSERT INTO blocks  ( "blocknum","datahash","prehash","txcount","createdt","prev_blockhash","blockhash","channel_genesis_hash" ) VALUES( $1,$2,$3,$4,$5,$6,$7,$8  ) RETURNING *;
INSERT ID: 15
read_set length 351
write_set size >>>>>>>>> :  0.5007848739624023 MB
Insert sql is INSERT INTO transactions  ( "blockid","txhash","createdt","chaincodename","chaincode_id","status","creator_msp_id","endorser_msp_id","type","read_set","write_set","channel_genesis_hash","validation_code","envelope_signature","payload_extension","creator_nonce","chaincode_proposal_input","endorser_signature","creator_id_bytes","payload_proposal_hash","endorser_id_bytes" ) VALUES( $1,$2,$3,$4,$5,$6,$7,$8,$9,$10,$11,$12,$13,$14,$15,$16,$17,$18,$19,$20,$21  ) RETURNING *;
INSERT ID: 21
Insert sql is INSERT INTO blocks  ( "blocknum","datahash","prehash","txcount","createdt","prev_blockhash","blockhash","channel_genesis_hash" ) VALUES( $1,$2,$3,$4,$5,$6,$7,$8  ) RETURNING *;
INSERT ID: 16
read_set length 225
write_set size >>>>>>>>> :  0.5007858276367188 MB
Insert sql is INSERT INTO transactions  ( "blockid","txhash","createdt","chaincodename","chaincode_id","status","creator_msp_id","endorser_msp_id","type","read_set","write_set","channel_genesis_hash","validation_code","envelope_signature","payload_extension","creator_nonce","chaincode_proposal_input","endorser_signature","creator_id_bytes","payload_proposal_hash","endorser_id_bytes" ) VALUES( $1,$2,$3,$4,$5,$6,$7,$8,$9,$10,$11,$12,$13,$14,$15,$16,$17,$18,$19,$20,$21  ) RETURNING *;
INSERT ID: 22
Insert sql is INSERT INTO blocks  ( "blocknum","datahash","prehash","txcount","createdt","prev_blockhash","blockhash","channel_genesis_hash" ) VALUES( $1,$2,$3,$4,$5,$6,$7,$8  ) RETURNING *;
INSERT ID: 17
read_set length 225
write_set size >>>>>>>>> :  0.5007839202880859 MB
Insert sql is INSERT INTO transactions  ( "blockid","txhash","createdt","chaincodename","chaincode_id","status","creator_msp_id","endorser_msp_id","type","read_set","write_set","channel_genesis_hash","validation_code","envelope_signature","payload_extension","creator_nonce","chaincode_proposal_input","endorser_signature","creator_id_bytes","payload_proposal_hash","endorser_id_bytes" ) VALUES( $1,$2,$3,$4,$5,$6,$7,$8,$9,$10,$11,$12,$13,$14,$15,$16,$17,$18,$19,$20,$21  ) RETURNING *;
INSERT ID: 23
Insert sql is INSERT INTO blocks  ( "blocknum","datahash","prehash","txcount","createdt","prev_blockhash","blockhash","channel_genesis_hash" ) VALUES( $1,$2,$3,$4,$5,$6,$7,$8  ) RETURNING *;
INSERT ID: 18
read_set length 225
write_set size >>>>>>>>> :  0.5007839202880859 MB
Insert sql is INSERT INTO transactions  ( "blockid","txhash","createdt","chaincodename","chaincode_id","status","creator_msp_id","endorser_msp_id","type","read_set","write_set","channel_genesis_hash","validation_code","envelope_signature","payload_extension","creator_nonce","chaincode_proposal_input","endorser_signature","creator_id_bytes","payload_proposal_hash","endorser_id_bytes" ) VALUES( $1,$2,$3,$4,$5,$6,$7,$8,$9,$10,$11,$12,$13,$14,$15,$16,$17,$18,$19,$20,$21  ) RETURNING *;
INSERT ID: 24
Insert sql is INSERT INTO blocks  ( "blocknum","datahash","prehash","txcount","createdt","prev_blockhash","blockhash","channel_genesis_hash" ) VALUES( $1,$2,$3,$4,$5,$6,$7,$8  ) RETURNING *;
INSERT ID: 19
read_set length 225
write_set size >>>>>>>>> :  0.5007867813110352 MB
Insert sql is INSERT INTO transactions  ( "blockid","txhash","createdt","chaincodename","chaincode_id","status","creator_msp_id","endorser_msp_id","type","read_set","write_set","channel_genesis_hash","validation_code","envelope_signature","payload_extension","creator_nonce","chaincode_proposal_input","endorser_signature","creator_id_bytes","payload_proposal_hash","endorser_id_bytes" ) VALUES( $1,$2,$3,$4,$5,$6,$7,$8,$9,$10,$11,$12,$13,$14,$15,$16,$17,$18,$19,$20,$21  ) RETURNING *;
INSERT ID: 25
Insert sql is INSERT INTO blocks  ( "blocknum","datahash","prehash","txcount","createdt","prev_blockhash","blockhash","channel_genesis_hash" ) VALUES( $1,$2,$3,$4,$5,$6,$7,$8  ) RETURNING *;
INSERT ID: 20
read_set length 225
write_set size >>>>>>>>> :  0.5007848739624023 MB
Insert sql is INSERT INTO transactions  ( "blockid","txhash","createdt","chaincodename","chaincode_id","status","creator_msp_id","endorser_msp_id","type","read_set","write_set","channel_genesis_hash","validation_code","envelope_signature","payload_extension","creator_nonce","chaincode_proposal_input","endorser_signature","creator_id_bytes","payload_proposal_hash","endorser_id_bytes" ) VALUES( $1,$2,$3,$4,$5,$6,$7,$8,$9,$10,$11,$12,$13,$14,$15,$16,$17,$18,$19,$20,$21  ) RETURNING *;
INSERT ID: 26
Insert sql is INSERT INTO blocks  ( "blocknum","datahash","prehash","txcount","createdt","prev_blockhash","blockhash","channel_genesis_hash" ) VALUES( $1,$2,$3,$4,$5,$6,$7,$8  ) RETURNING *;
INSERT ID: 21
read_set length 225
write_set size >>>>>>>>> :  0.5007877349853516 MB
Insert sql is INSERT INTO transactions  ( "blockid","txhash","createdt","chaincodename","chaincode_id","status","creator_msp_id","endorser_msp_id","type","read_set","write_set","channel_genesis_hash","validation_code","envelope_signature","payload_extension","creator_nonce","chaincode_proposal_input","endorser_signature","creator_id_bytes","payload_proposal_hash","endorser_id_bytes" ) VALUES( $1,$2,$3,$4,$5,$6,$7,$8,$9,$10,$11,$12,$13,$14,$15,$16,$17,$18,$19,$20,$21  ) RETURNING *;
INSERT ID: 27
Insert sql is INSERT INTO blocks  ( "blocknum","datahash","prehash","txcount","createdt","prev_blockhash","blockhash","channel_genesis_hash" ) VALUES( $1,$2,$3,$4,$5,$6,$7,$8  ) RETURNING *;
INSERT ID: 22
read_set length 351
write_set size >>>>>>>>> :  0.5007896423339844 MB
Insert sql is INSERT INTO transactions  ( "blockid","txhash","createdt","chaincodename","chaincode_id","status","creator_msp_id","endorser_msp_id","type","read_set","write_set","channel_genesis_hash","validation_code","envelope_signature","payload_extension","creator_nonce","chaincode_proposal_input","endorser_signature","creator_id_bytes","payload_proposal_hash","endorser_id_bytes" ) VALUES( $1,$2,$3,$4,$5,$6,$7,$8,$9,$10,$11,$12,$13,$14,$15,$16,$17,$18,$19,$20,$21  ) RETURNING *;
INSERT ID: 28
Insert sql is INSERT INTO blocks  ( "blocknum","datahash","prehash","txcount","createdt","prev_blockhash","blockhash","channel_genesis_hash" ) VALUES( $1,$2,$3,$4,$5,$6,$7,$8  ) RETURNING *;
INSERT ID: 23
read_set length 225
write_set size >>>>>>>>> :  0.5007829666137695 MB
Insert sql is INSERT INTO transactions  ( "blockid","txhash","createdt","chaincodename","chaincode_id","status","creator_msp_id","endorser_msp_id","type","read_set","write_set","channel_genesis_hash","validation_code","envelope_signature","payload_extension","creator_nonce","chaincode_proposal_input","endorser_signature","creator_id_bytes","payload_proposal_hash","endorser_id_bytes" ) VALUES( $1,$2,$3,$4,$5,$6,$7,$8,$9,$10,$11,$12,$13,$14,$15,$16,$17,$18,$19,$20,$21  ) RETURNING *;
INSERT ID: 29
Insert sql is INSERT INTO blocks  ( "blocknum","datahash","prehash","txcount","createdt","prev_blockhash","blockhash","channel_genesis_hash" ) VALUES( $1,$2,$3,$4,$5,$6,$7,$8  ) RETURNING *;
INSERT ID: 24
read_set length 225
write_set size >>>>>>>>> :  0.5007848739624023 MB
Insert sql is INSERT INTO transactions  ( "blockid","txhash","createdt","chaincodename","chaincode_id","status","creator_msp_id","endorser_msp_id","type","read_set","write_set","channel_genesis_hash","validation_code","envelope_signature","payload_extension","creator_nonce","chaincode_proposal_input","endorser_signature","creator_id_bytes","payload_proposal_hash","endorser_id_bytes" ) VALUES( $1,$2,$3,$4,$5,$6,$7,$8,$9,$10,$11,$12,$13,$14,$15,$16,$17,$18,$19,$20,$21  ) RETURNING *;
INSERT ID: 30
Insert sql is INSERT INTO blocks  ( "blocknum","datahash","prehash","txcount","createdt","prev_blockhash","blockhash","channel_genesis_hash" ) VALUES( $1,$2,$3,$4,$5,$6,$7,$8  ) RETURNING *;
INSERT ID: 25
read_set length 225
write_set size >>>>>>>>> :  0.5007829666137695 MB
Insert sql is INSERT INTO transactions  ( "blockid","txhash","createdt","chaincodename","chaincode_id","status","creator_msp_id","endorser_msp_id","type","read_set","write_set","channel_genesis_hash","validation_code","envelope_signature","payload_extension","creator_nonce","chaincode_proposal_input","endorser_signature","creator_id_bytes","payload_proposal_hash","endorser_id_bytes" ) VALUES( $1,$2,$3,$4,$5,$6,$7,$8,$9,$10,$11,$12,$13,$14,$15,$16,$17,$18,$19,$20,$21  ) RETURNING *;
INSERT ID: 31
Insert sql is INSERT INTO blocks  ( "blocknum","datahash","prehash","txcount","createdt","prev_blockhash","blockhash","channel_genesis_hash" ) VALUES( $1,$2,$3,$4,$5,$6,$7,$8  ) RETURNING *;
INSERT ID: 26
read_set length 225
write_set size >>>>>>>>> :  0.5007829666137695 MB
Insert sql is INSERT INTO transactions  ( "blockid","txhash","createdt","chaincodename","chaincode_id","status","creator_msp_id","endorser_msp_id","type","read_set","write_set","channel_genesis_hash","validation_code","envelope_signature","payload_extension","creator_nonce","chaincode_proposal_input","endorser_signature","creator_id_bytes","payload_proposal_hash","endorser_id_bytes" ) VALUES( $1,$2,$3,$4,$5,$6,$7,$8,$9,$10,$11,$12,$13,$14,$15,$16,$17,$18,$19,$20,$21  ) RETURNING *;
INSERT ID: 32
Insert sql is INSERT INTO blocks  ( "blocknum","datahash","prehash","txcount","createdt","prev_blockhash","blockhash","channel_genesis_hash" ) VALUES( $1,$2,$3,$4,$5,$6,$7,$8  ) RETURNING *;
INSERT ID: 27
read_set length 353
write_set size >>>>>>>>> :  0.5007848739624023 MB
Insert sql is INSERT INTO transactions  ( "blockid","txhash","createdt","chaincodename","chaincode_id","status","creator_msp_id","endorser_msp_id","type","read_set","write_set","channel_genesis_hash","validation_code","envelope_signature","payload_extension","creator_nonce","chaincode_proposal_input","endorser_signature","creator_id_bytes","payload_proposal_hash","endorser_id_bytes" ) VALUES( $1,$2,$3,$4,$5,$6,$7,$8,$9,$10,$11,$12,$13,$14,$15,$16,$17,$18,$19,$20,$21  ) RETURNING *;
INSERT ID: 33
Insert sql is INSERT INTO blocks  ( "blocknum","datahash","prehash","txcount","createdt","prev_blockhash","blockhash","channel_genesis_hash" ) VALUES( $1,$2,$3,$4,$5,$6,$7,$8  ) RETURNING *;
INSERT ID: 28
read_set length 225
write_set size >>>>>>>>> :  0.5007820129394531 MB
Insert sql is INSERT INTO transactions  ( "blockid","txhash","createdt","chaincodename","chaincode_id","status","creator_msp_id","endorser_msp_id","type","read_set","write_set","channel_genesis_hash","validation_code","envelope_signature","payload_extension","creator_nonce","chaincode_proposal_input","endorser_signature","creator_id_bytes","payload_proposal_hash","endorser_id_bytes" ) VALUES( $1,$2,$3,$4,$5,$6,$7,$8,$9,$10,$11,$12,$13,$14,$15,$16,$17,$18,$19,$20,$21  ) RETURNING *;
INSERT ID: 34
Insert sql is INSERT INTO blocks  ( "blocknum","datahash","prehash","txcount","createdt","prev_blockhash","blockhash","channel_genesis_hash" ) VALUES( $1,$2,$3,$4,$5,$6,$7,$8  ) RETURNING *;
INSERT ID: 29
read_set length 225
write_set size >>>>>>>>> :  0.5007848739624023 MB
Insert sql is INSERT INTO transactions  ( "blockid","txhash","createdt","chaincodename","chaincode_id","status","creator_msp_id","endorser_msp_id","type","read_set","write_set","channel_genesis_hash","validation_code","envelope_signature","payload_extension","creator_nonce","chaincode_proposal_input","endorser_signature","creator_id_bytes","payload_proposal_hash","endorser_id_bytes" ) VALUES( $1,$2,$3,$4,$5,$6,$7,$8,$9,$10,$11,$12,$13,$14,$15,$16,$17,$18,$19,$20,$21  ) RETURNING *;
INSERT ID: 35
Insert sql is INSERT INTO blocks  ( "blocknum","datahash","prehash","txcount","createdt","prev_blockhash","blockhash","channel_genesis_hash" ) VALUES( $1,$2,$3,$4,$5,$6,$7,$8  ) RETURNING *;
INSERT ID: 30
read_set length 352
write_set size >>>>>>>>> :  0.5007867813110352 MB
Insert sql is INSERT INTO transactions  ( "blockid","txhash","createdt","chaincodename","chaincode_id","status","creator_msp_id","endorser_msp_id","type","read_set","write_set","channel_genesis_hash","validation_code","envelope_signature","payload_extension","creator_nonce","chaincode_proposal_input","endorser_signature","creator_id_bytes","payload_proposal_hash","endorser_id_bytes" ) VALUES( $1,$2,$3,$4,$5,$6,$7,$8,$9,$10,$11,$12,$13,$14,$15,$16,$17,$18,$19,$20,$21  ) RETURNING *;
INSERT ID: 36
Insert sql is INSERT INTO blocks  ( "blocknum","datahash","prehash","txcount","createdt","prev_blockhash","blockhash","channel_genesis_hash" ) VALUES( $1,$2,$3,$4,$5,$6,$7,$8  ) RETURNING *;
INSERT ID: 31
read_set length 225
write_set size >>>>>>>>> :  0.5007858276367188 MB
Insert sql is INSERT INTO transactions  ( "blockid","txhash","createdt","chaincodename","chaincode_id","status","creator_msp_id","endorser_msp_id","type","read_set","write_set","channel_genesis_hash","validation_code","envelope_signature","payload_extension","creator_nonce","chaincode_proposal_input","endorser_signature","creator_id_bytes","payload_proposal_hash","endorser_id_bytes" ) VALUES( $1,$2,$3,$4,$5,$6,$7,$8,$9,$10,$11,$12,$13,$14,$15,$16,$17,$18,$19,$20,$21  ) RETURNING *;
INSERT ID: 37
Insert sql is INSERT INTO blocks  ( "blocknum","datahash","prehash","txcount","createdt","prev_blockhash","blockhash","channel_genesis_hash" ) VALUES( $1,$2,$3,$4,$5,$6,$7,$8  ) RETURNING *;
INSERT ID: 32
read_set length 353
write_set size >>>>>>>>> :  0.5007877349853516 MB
Insert sql is INSERT INTO transactions  ( "blockid","txhash","createdt","chaincodename","chaincode_id","status","creator_msp_id","endorser_msp_id","type","read_set","write_set","channel_genesis_hash","validation_code","envelope_signature","payload_extension","creator_nonce","chaincode_proposal_input","endorser_signature","creator_id_bytes","payload_proposal_hash","endorser_id_bytes" ) VALUES( $1,$2,$3,$4,$5,$6,$7,$8,$9,$10,$11,$12,$13,$14,$15,$16,$17,$18,$19,$20,$21  ) RETURNING *;
INSERT ID: 38
Insert sql is INSERT INTO blocks  ( "blocknum","datahash","prehash","txcount","createdt","prev_blockhash","blockhash","channel_genesis_hash" ) VALUES( $1,$2,$3,$4,$5,$6,$7,$8  ) RETURNING *;
INSERT ID: 33
read_set length 225
write_set size >>>>>>>>> :  0.5007839202880859 MB
Insert sql is INSERT INTO transactions  ( "blockid","txhash","createdt","chaincodename","chaincode_id","status","creator_msp_id","endorser_msp_id","type","read_set","write_set","channel_genesis_hash","validation_code","envelope_signature","payload_extension","creator_nonce","chaincode_proposal_input","endorser_signature","creator_id_bytes","payload_proposal_hash","endorser_id_bytes" ) VALUES( $1,$2,$3,$4,$5,$6,$7,$8,$9,$10,$11,$12,$13,$14,$15,$16,$17,$18,$19,$20,$21  ) RETURNING *;
INSERT ID: 39
Insert sql is INSERT INTO blocks  ( "blocknum","datahash","prehash","txcount","createdt","prev_blockhash","blockhash","channel_genesis_hash" ) VALUES( $1,$2,$3,$4,$5,$6,$7,$8  ) RETURNING *;
INSERT ID: 34
read_set length 225
write_set size >>>>>>>>> :  0.5007839202880859 MB
Insert sql is INSERT INTO transactions  ( "blockid","txhash","createdt","chaincodename","chaincode_id","status","creator_msp_id","endorser_msp_id","type","read_set","write_set","channel_genesis_hash","validation_code","envelope_signature","payload_extension","creator_nonce","chaincode_proposal_input","endorser_signature","creator_id_bytes","payload_proposal_hash","endorser_id_bytes" ) VALUES( $1,$2,$3,$4,$5,$6,$7,$8,$9,$10,$11,$12,$13,$14,$15,$16,$17,$18,$19,$20,$21  ) RETURNING *;
INSERT ID: 40
Insert sql is INSERT INTO blocks  ( "blocknum","datahash","prehash","txcount","createdt","prev_blockhash","blockhash","channel_genesis_hash" ) VALUES( $1,$2,$3,$4,$5,$6,$7,$8  ) RETURNING *;
INSERT ID: 35
read_set length 225
write_set size >>>>>>>>> :  0.500788688659668 MB
Insert sql is INSERT INTO transactions  ( "blockid","txhash","createdt","chaincodename","chaincode_id","status","creator_msp_id","endorser_msp_id","type","read_set","write_set","channel_genesis_hash","validation_code","envelope_signature","payload_extension","creator_nonce","chaincode_proposal_input","endorser_signature","creator_id_bytes","payload_proposal_hash","endorser_id_bytes" ) VALUES( $1,$2,$3,$4,$5,$6,$7,$8,$9,$10,$11,$12,$13,$14,$15,$16,$17,$18,$19,$20,$21  ) RETURNING *;
INSERT ID: 41
Insert sql is INSERT INTO blocks  ( "blocknum","datahash","prehash","txcount","createdt","prev_blockhash","blockhash","channel_genesis_hash" ) VALUES( $1,$2,$3,$4,$5,$6,$7,$8  ) RETURNING *;
INSERT ID: 36
Insert sql is INSERT INTO transactions  ( "blockid","txhash","createdt","chaincodename","chaincode_id","status","creator_msp_id","endorser_msp_id","type","read_set","write_set","channel_genesis_hash","validation_code","envelope_signature","payload_extension","creator_nonce","chaincode_proposal_input","endorser_signature","creator_id_bytes","payload_proposal_hash","endorser_id_bytes" ) VALUES( $1,$2,$3,$4,$5,$6,$7,$8,$9,$10,$11,$12,$13,$14,$15,$16,$17,$18,$19,$20,$21  ) RETURNING *;
INSERT ID: 7
Insert sql is INSERT INTO blocks  ( "blocknum","datahash","prehash","txcount","createdt","prev_blockhash","blockhash","channel_genesis_hash" ) VALUES( $1,$2,$3,$4,$5,$6,$7,$8  ) RETURNING *;
INSERT ID: 2
Broadcast >> {"title":"Block 0 added to Channel: mychannel","type":"block","message":"Block 0 established with 1 tx","time":"2018-11-06T08:25:45.000Z","txcount":1,"datahash":"a51e52b8d738dee810861d446a56fe696f300287533dc05da7253fa8745b6bb0"}
read_set length 118
write_set size >>>>>>>>> :  0.5011615753173828 MB
Insert sql is INSERT INTO transactions  ( "blockid","txhash","createdt","chaincodename","chaincode_id","status","creator_msp_id","endorser_msp_id","type","read_set","write_set","channel_genesis_hash","validation_code","envelope_signature","payload_extension","creator_nonce","chaincode_proposal_input","endorser_signature","creator_id_bytes","payload_proposal_hash","endorser_id_bytes" ) VALUES( $1,$2,$3,$4,$5,$6,$7,$8,$9,$10,$11,$12,$13,$14,$15,$16,$17,$18,$19,$20,$21  ) RETURNING *;
INSERT ID: 8
Insert sql is INSERT INTO blocks  ( "blocknum","datahash","prehash","txcount","createdt","prev_blockhash","blockhash","channel_genesis_hash" ) VALUES( $1,$2,$3,$4,$5,$6,$7,$8  ) RETURNING *;
INSERT ID: 3
Broadcast >> {"title":"Block 1 added to Channel: mychannel","type":"block","message":"Block 1 established with 1 tx","time":"2018-11-06T08:25:47.000Z","txcount":1,"datahash":"14ec3fad621f0a77925e18599a2ae4643ee5a583266efdc4aefdd65212605ab5"}
read_set length 225
write_set size >>>>>>>>> :  0.500788688659668 MB
Insert sql is INSERT INTO transactions  ( "blockid","txhash","createdt","chaincodename","chaincode_id","status","creator_msp_id","endorser_msp_id","type","read_set","write_set","channel_genesis_hash","validation_code","envelope_signature","payload_extension","creator_nonce","chaincode_proposal_input","endorser_signature","creator_id_bytes","payload_proposal_hash","endorser_id_bytes" ) VALUES( $1,$2,$3,$4,$5,$6,$7,$8,$9,$10,$11,$12,$13,$14,$15,$16,$17,$18,$19,$20,$21  ) RETURNING *;
INSERT ID: 9
Insert sql is INSERT INTO blocks  ( "blocknum","datahash","prehash","txcount","createdt","prev_blockhash","blockhash","channel_genesis_hash" ) VALUES( $1,$2,$3,$4,$5,$6,$7,$8  ) RETURNING *;
INSERT ID: 4
Broadcast >> {"title":"Block 2 added to Channel: mychannel","type":"block","message":"Block 2 established with 1 tx","time":"2018-11-06T08:25:58.000Z","txcount":1,"datahash":"21e5e69c6d3c17cb625b196e47766af474bb71bb2708ecad7741dedfb8881ff7"}
Insert sql is INSERT INTO peer  ( "mspid","requests","events","server_hostname","channel_genesis_hash","peer_type" ) VALUES( $1,$2,$3,$4,$5,$6  ) RETURNING *;
INSERT ID: 3
Insert sql is INSERT INTO peer_ref_channel  ( "peerid","channelid" ) VALUES( $1,$2  ) RETURNING *;
INSERT ID: 3
Insert sql is INSERT INTO peer  ( "mspid","requests","server_hostname","channel_genesis_hash","peer_type" ) VALUES( $1,$2,$3,$4,$5  ) RETURNING *;
INSERT ID: 4
Insert sql is INSERT INTO peer_ref_channel  ( "peerid","channelid" ) VALUES( $1,$2  ) RETURNING *;
INSERT ID: 4
Insert sql is INSERT INTO chaincodes  ( "name","version","path","txcount","createdt","channel_genesis_hash" ) VALUES( $1,$2,$3,$4,$5,$6  ) RETURNING *;
INSERT ID: 11
Insert sql is INSERT INTO peer_ref_chaincode  ( "chaincodeid","cc_version","peerid","channelid" ) VALUES( $1,$2,$3,$4  ) RETURNING *;
INSERT ID: 2
Received kill signal, shutting down gracefully
<<<<<<<<<<<<<<<<<<<<<<<<<< Closing explorer  >>>>>>>>>>>>>>>>>>>>>
<<<<<<<<<<<<<<<<<<<<<<<<<< Closing client processor >>>>>>>>>>>>>>>>>>>>>
Closed out connections
